<?xml version="1.0" encoding="UTF-8"?>
<testsuite xmlns:xsi="http://www.w3.org/2001/XMLSchema-instance" xsi:noNamespaceSchemaLocation="https://maven.apache.org/surefire/maven-surefire-plugin/xsd/surefire-test-report-3.0.xsd" version="3.0" name="testRunner.TestRunner" time="532.564" tests="39" errors="5" skipped="0" failures="1">
  <properties>
    <property name="gopherProxySet" value="false"/>
    <property name="awt.toolkit" value="sun.lwawt.macosx.LWCToolkit"/>
    <property name="java.specification.version" value="11"/>
    <property name="webdriver.chrome.driver" value="../Generic/BrowserDriver/mac/chromedriver"/>
    <property name="sun.cpu.isalist" value=""/>
    <property name="sun.jnu.encoding" value="UTF-8"/>
    <property name="java.class.path" value="/Users/syedraza/IdeaProjects/BDDWebAutomationFramework_Team1/Amazon/target/test-classes:/Users/syedraza/IdeaProjects/BDDWebAutomationFramework_Team1/Amazon/target/classes:/Users/syedraza/IdeaProjects/BDDWebAutomationFramework_Team1/Generic/target/classes:/Users/syedraza/.m2/repository/org/seleniumhq/selenium/selenium-java/3.141.59/selenium-java-3.141.59.jar:/Users/syedraza/.m2/repository/org/seleniumhq/selenium/selenium-api/3.141.59/selenium-api-3.141.59.jar:/Users/syedraza/.m2/repository/org/seleniumhq/selenium/selenium-chrome-driver/3.141.59/selenium-chrome-driver-3.141.59.jar:/Users/syedraza/.m2/repository/org/seleniumhq/selenium/selenium-edge-driver/3.141.59/selenium-edge-driver-3.141.59.jar:/Users/syedraza/.m2/repository/org/seleniumhq/selenium/selenium-firefox-driver/3.141.59/selenium-firefox-driver-3.141.59.jar:/Users/syedraza/.m2/repository/org/seleniumhq/selenium/selenium-ie-driver/3.141.59/selenium-ie-driver-3.141.59.jar:/Users/syedraza/.m2/repository/org/seleniumhq/selenium/selenium-opera-driver/3.141.59/selenium-opera-driver-3.141.59.jar:/Users/syedraza/.m2/repository/org/seleniumhq/selenium/selenium-remote-driver/3.141.59/selenium-remote-driver-3.141.59.jar:/Users/syedraza/.m2/repository/org/seleniumhq/selenium/selenium-safari-driver/3.141.59/selenium-safari-driver-3.141.59.jar:/Users/syedraza/.m2/repository/org/seleniumhq/selenium/selenium-support/3.141.59/selenium-support-3.141.59.jar:/Users/syedraza/.m2/repository/net/bytebuddy/byte-buddy/1.8.15/byte-buddy-1.8.15.jar:/Users/syedraza/.m2/repository/org/apache/commons/commons-exec/1.3/commons-exec-1.3.jar:/Users/syedraza/.m2/repository/com/google/guava/guava/25.0-jre/guava-25.0-jre.jar:/Users/syedraza/.m2/repository/com/google/code/findbugs/jsr305/1.3.9/jsr305-1.3.9.jar:/Users/syedraza/.m2/repository/org/checkerframework/checker-compat-qual/2.0.0/checker-compat-qual-2.0.0.jar:/Users/syedraza/.m2/repository/com/google/errorprone/error_prone_annotations/2.1.3/error_prone_annotations-2.1.3.jar:/Users/syedraza/.m2/repository/com/google/j2objc/j2objc-annotations/1.1/j2objc-annotations-1.1.jar:/Users/syedraza/.m2/repository/org/codehaus/mojo/animal-sniffer-annotations/1.14/animal-sniffer-annotations-1.14.jar:/Users/syedraza/.m2/repository/com/squareup/okhttp3/okhttp/3.11.0/okhttp-3.11.0.jar:/Users/syedraza/.m2/repository/com/squareup/okio/okio/1.14.0/okio-1.14.0.jar:/Users/syedraza/.m2/repository/org/seleniumhq/selenium/selenium-server/3.141.59/selenium-server-3.141.59.jar:/Users/syedraza/.m2/repository/com/beust/jcommander/1.72/jcommander-1.72.jar:/Users/syedraza/.m2/repository/net/jcip/jcip-annotations/1.0/jcip-annotations-1.0.jar:/Users/syedraza/.m2/repository/org/seleniumhq/selenium/jetty-repacked/9.4.12.v20180830/jetty-repacked-9.4.12.v20180830.jar:/Users/syedraza/.m2/repository/javax/servlet/javax.servlet-api/3.1.0/javax.servlet-api-3.1.0.jar:/Users/syedraza/.m2/repository/org/yaml/snakeyaml/1.19/snakeyaml-1.19.jar:/Users/syedraza/.m2/repository/org/testng/testng/7.1.0/testng-7.1.0.jar:/Users/syedraza/.m2/repository/com/google/inject/guice/4.1.0/guice-4.1.0-no_aop.jar:/Users/syedraza/.m2/repository/javax/inject/javax.inject/1/javax.inject-1.jar:/Users/syedraza/.m2/repository/aopalliance/aopalliance/1.0/aopalliance-1.0.jar:/Users/syedraza/.m2/repository/io/github/bonigarcia/webdrivermanager/4.2.0/webdrivermanager-4.2.0.jar:/Users/syedraza/.m2/repository/org/slf4j/slf4j-api/1.7.30/slf4j-api-1.7.30.jar:/Users/syedraza/.m2/repository/com/google/code/gson/gson/2.8.6/gson-2.8.6.jar:/Users/syedraza/.m2/repository/org/apache/httpcomponents/client5/httpclient5/5.0.1/httpclient5-5.0.1.jar:/Users/syedraza/.m2/repository/org/apache/httpcomponents/core5/httpcore5/5.0.1/httpcore5-5.0.1.jar:/Users/syedraza/.m2/repository/org/apache/httpcomponents/core5/httpcore5-h2/5.0.1/httpcore5-h2-5.0.1.jar:/Users/syedraza/.m2/repository/org/rauschig/jarchivelib/1.0.0/jarchivelib-1.0.0.jar:/Users/syedraza/.m2/repository/org/jsoup/jsoup/1.13.1/jsoup-1.13.1.jar:/Users/syedraza/.m2/repository/org/mongodb/mongo-java-driver/3.12.7/mongo-java-driver-3.12.7.jar:/Users/syedraza/.m2/repository/mysql/mysql-connector-java/8.0.21/mysql-connector-java-8.0.21.jar:/Users/syedraza/.m2/repository/com/google/protobuf/protobuf-java/3.11.4/protobuf-java-3.11.4.jar:/Users/syedraza/.m2/repository/org/apache/poi/poi/4.1.2/poi-4.1.2.jar:/Users/syedraza/.m2/repository/commons-codec/commons-codec/1.13/commons-codec-1.13.jar:/Users/syedraza/.m2/repository/org/apache/commons/commons-collections4/4.4/commons-collections4-4.4.jar:/Users/syedraza/.m2/repository/org/apache/commons/commons-math3/3.6.1/commons-math3-3.6.1.jar:/Users/syedraza/.m2/repository/com/zaxxer/SparseBitSet/1.2/SparseBitSet-1.2.jar:/Users/syedraza/.m2/repository/org/apache/poi/poi-ooxml/4.1.2/poi-ooxml-4.1.2.jar:/Users/syedraza/.m2/repository/org/apache/poi/poi-ooxml-schemas/4.1.2/poi-ooxml-schemas-4.1.2.jar:/Users/syedraza/.m2/repository/org/apache/xmlbeans/xmlbeans/3.1.0/xmlbeans-3.1.0.jar:/Users/syedraza/.m2/repository/org/apache/commons/commons-compress/1.19/commons-compress-1.19.jar:/Users/syedraza/.m2/repository/com/github/virtuald/curvesapi/1.06/curvesapi-1.06.jar:/Users/syedraza/.m2/repository/com/aventstack/extentreports/5.0.3/extentreports-5.0.3.jar:/Users/syedraza/.m2/repository/io/reactivex/rxjava3/rxjava/3.0.4/rxjava-3.0.4.jar:/Users/syedraza/.m2/repository/org/reactivestreams/reactive-streams/1.0.3/reactive-streams-1.0.3.jar:/Users/syedraza/.m2/repository/org/freemarker/freemarker/2.3.30/freemarker-2.3.30.jar:/Users/syedraza/.m2/repository/org/projectlombok/lombok/1.18.12/lombok-1.18.12.jar:/Users/syedraza/.m2/repository/com/relevantcodes/extentreports/2.41.2/extentreports-2.41.2.jar:/Users/syedraza/.m2/repository/org/xerial/sqlite-jdbc/3.8.11.1/sqlite-jdbc-3.8.11.1.jar:/Users/syedraza/.m2/repository/org/mongodb/mongodb-driver/3.0.4/mongodb-driver-3.0.4.jar:/Users/syedraza/.m2/repository/org/mongodb/bson/3.0.4/bson-3.0.4.jar:/Users/syedraza/.m2/repository/org/mongodb/mongodb-driver-core/3.0.4/mongodb-driver-core-3.0.4.jar:/Users/syedraza/.m2/repository/org/apache/commons/commons-lang3/3.11/commons-lang3-3.11.jar:/Users/syedraza/.m2/repository/commons-io/commons-io/2.7/commons-io-2.7.jar:/Users/syedraza/.m2/repository/io/cucumber/cucumber-core/6.6.0/cucumber-core-6.6.0.jar:/Users/syedraza/.m2/repository/io/cucumber/cucumber-gherkin/6.6.0/cucumber-gherkin-6.6.0.jar:/Users/syedraza/.m2/repository/io/cucumber/cucumber-gherkin-messages/6.6.0/cucumber-gherkin-messages-6.6.0.jar:/Users/syedraza/.m2/repository/io/cucumber/messages/13.0.1/messages-13.0.1.jar:/Users/syedraza/.m2/repository/io/cucumber/tag-expressions/3.0.0/tag-expressions-3.0.0.jar:/Users/syedraza/.m2/repository/io/cucumber/cucumber-expressions/10.3.0/cucumber-expressions-10.3.0.jar:/Users/syedraza/.m2/repository/io/cucumber/datatable/3.4.0/datatable-3.4.0.jar:/Users/syedraza/.m2/repository/io/cucumber/cucumber-plugin/6.6.0/cucumber-plugin-6.6.0.jar:/Users/syedraza/.m2/repository/io/cucumber/docstring/6.6.0/docstring-6.6.0.jar:/Users/syedraza/.m2/repository/io/cucumber/html-formatter/9.0.0/html-formatter-9.0.0.jar:/Users/syedraza/.m2/repository/io/cucumber/create-meta/2.0.1/create-meta-2.0.1.jar:/Users/syedraza/.m2/repository/org/apiguardian/apiguardian-api/1.1.0/apiguardian-api-1.1.0.jar:/Users/syedraza/.m2/repository/io/cucumber/gherkin/15.0.2/gherkin-15.0.2.jar:/Users/syedraza/.m2/repository/io/cucumber/cucumber-html/0.2.7/cucumber-html-0.2.7.jar:/Users/syedraza/.m2/repository/io/cucumber/cucumber-java/6.6.0/cucumber-java-6.6.0.jar:/Users/syedraza/.m2/repository/net/masterthought/cucumber-reporting/5.3.1/cucumber-reporting-5.3.1.jar:/Users/syedraza/.m2/repository/com/fasterxml/jackson/core/jackson-databind/2.10.1/jackson-databind-2.10.1.jar:/Users/syedraza/.m2/repository/com/fasterxml/jackson/core/jackson-annotations/2.10.1/jackson-annotations-2.10.1.jar:/Users/syedraza/.m2/repository/com/fasterxml/jackson/core/jackson-core/2.10.1/jackson-core-2.10.1.jar:/Users/syedraza/.m2/repository/com/fasterxml/jackson/datatype/jackson-datatype-jsr310/2.10.1/jackson-datatype-jsr310-2.10.1.jar:/Users/syedraza/.m2/repository/org/apache/velocity/velocity-engine-core/2.1/velocity-engine-core-2.1.jar:/Users/syedraza/.m2/repository/commons-collections/commons-collections/3.2.2/commons-collections-3.2.2.jar:/Users/syedraza/.m2/repository/joda-time/joda-time/2.10.5/joda-time-2.10.5.jar:/Users/syedraza/.m2/repository/org/codehaus/plexus/plexus-utils/3.3.0/plexus-utils-3.3.0.jar:/Users/syedraza/.m2/repository/com/googlecode/owasp-java-html-sanitizer/owasp-java-html-sanitizer/20191001.1/owasp-java-html-sanitizer-20191001.1.jar:/Users/syedraza/.m2/repository/commons-configuration/commons-configuration/1.10/commons-configuration-1.10.jar:/Users/syedraza/.m2/repository/commons-lang/commons-lang/2.6/commons-lang-2.6.jar:/Users/syedraza/.m2/repository/commons-logging/commons-logging/1.1.1/commons-logging-1.1.1.jar:/Users/syedraza/.m2/repository/net/masterthought/maven-cucumber-reporting/5.3.0/maven-cucumber-reporting-5.3.0.jar:/Users/syedraza/.m2/repository/org/apache/maven/maven-plugin-api/3.6.3/maven-plugin-api-3.6.3.jar:/Users/syedraza/.m2/repository/org/apache/maven/maven-model/3.6.3/maven-model-3.6.3.jar:/Users/syedraza/.m2/repository/org/apache/maven/maven-artifact/3.6.3/maven-artifact-3.6.3.jar:/Users/syedraza/.m2/repository/org/eclipse/sisu/org.eclipse.sisu.plexus/0.3.4/org.eclipse.sisu.plexus-0.3.4.jar:/Users/syedraza/.m2/repository/javax/enterprise/cdi-api/1.0/cdi-api-1.0.jar:/Users/syedraza/.m2/repository/javax/annotation/jsr250-api/1.0/jsr250-api-1.0.jar:/Users/syedraza/.m2/repository/org/eclipse/sisu/org.eclipse.sisu.inject/0.3.4/org.eclipse.sisu.inject-0.3.4.jar:/Users/syedraza/.m2/repository/org/codehaus/plexus/plexus-component-annotations/1.5.5/plexus-component-annotations-1.5.5.jar:/Users/syedraza/.m2/repository/org/codehaus/plexus/plexus-classworlds/2.6.0/plexus-classworlds-2.6.0.jar:/Users/syedraza/.m2/repository/org/apache/maven/plugins/maven-gpg-plugin/1.6/maven-gpg-plugin-1.6.jar:/Users/syedraza/.m2/repository/org/apache/maven/maven-project/2.2.1/maven-project-2.2.1.jar:/Users/syedraza/.m2/repository/org/apache/maven/maven-settings/2.2.1/maven-settings-2.2.1.jar:/Users/syedraza/.m2/repository/org/apache/maven/maven-profile/2.2.1/maven-profile-2.2.1.jar:/Users/syedraza/.m2/repository/org/apache/maven/maven-artifact-manager/2.2.1/maven-artifact-manager-2.2.1.jar:/Users/syedraza/.m2/repository/org/apache/maven/wagon/wagon-provider-api/1.0-beta-6/wagon-provider-api-1.0-beta-6.jar:/Users/syedraza/.m2/repository/backport-util-concurrent/backport-util-concurrent/3.1/backport-util-concurrent-3.1.jar:/Users/syedraza/.m2/repository/org/apache/maven/maven-plugin-registry/2.2.1/maven-plugin-registry-2.2.1.jar:/Users/syedraza/.m2/repository/org/codehaus/plexus/plexus-interpolation/1.11/plexus-interpolation-1.11.jar:/Users/syedraza/.m2/repository/org/codehaus/plexus/plexus-container-default/1.0-alpha-9-stable-1/plexus-container-default-1.0-alpha-9-stable-1.jar:/Users/syedraza/.m2/repository/classworlds/classworlds/1.1-alpha-2/classworlds-1.1-alpha-2.jar:/Users/syedraza/.m2/repository/org/apache/maven/maven-repository-metadata/2.2.1/maven-repository-metadata-2.2.1.jar:/Users/syedraza/.m2/repository/org/sonatype/plexus/plexus-sec-dispatcher/1.4/plexus-sec-dispatcher-1.4.jar:/Users/syedraza/.m2/repository/org/sonatype/plexus/plexus-cipher/1.4/plexus-cipher-1.4.jar:/Users/syedraza/.m2/repository/junit/junit/4.13/junit-4.13.jar:/Users/syedraza/.m2/repository/org/junit/jupiter/junit-jupiter-api/5.6.2/junit-jupiter-api-5.6.2.jar:/Users/syedraza/.m2/repository/org/opentest4j/opentest4j/1.2.0/opentest4j-1.2.0.jar:/Users/syedraza/.m2/repository/org/junit/platform/junit-platform-commons/1.6.2/junit-platform-commons-1.6.2.jar:/Users/syedraza/.m2/repository/org/hamcrest/hamcrest-core/2.2/hamcrest-core-2.2.jar:/Users/syedraza/.m2/repository/org/hamcrest/hamcrest/2.2/hamcrest-2.2.jar:/Users/syedraza/.m2/repository/io/cucumber/cucumber-junit/6.6.0/cucumber-junit-6.6.0.jar:/Users/syedraza/.m2/repository/com/github/javafaker/javafaker/1.0.2/javafaker-1.0.2.jar:/Users/syedraza/.m2/repository/org/yaml/snakeyaml/1.23/snakeyaml-1.23-android.jar:/Users/syedraza/.m2/repository/com/github/mifmif/generex/1.0.2/generex-1.0.2.jar:/Users/syedraza/.m2/repository/dk/brics/automaton/automaton/1.11-8/automaton-1.11-8.jar:"/>
    <property name="java.vm.vendor" value="Oracle Corporation"/>
    <property name="sun.arch.data.model" value="64"/>
    <property name="java.vendor.url" value="https://openjdk.java.net/"/>
    <property name="user.timezone" value="America/Edmonton"/>
    <property name="java.vm.specification.version" value="11"/>
    <property name="os.name" value="Mac OS X"/>
    <property name="sun.java.launcher" value="SUN_STANDARD"/>
    <property name="user.country" value="CA"/>
    <property name="sun.boot.library.path" value="/Library/Java/JavaVirtualMachines/jdk-11.0.7.jdk/Contents/Home/lib"/>
    <property name="sun.java.command" value="/Users/syedraza/IdeaProjects/BDDWebAutomationFramework_Team1/Amazon/target/surefire/surefirebooter5285813512672305769.jar /Users/syedraza/IdeaProjects/BDDWebAutomationFramework_Team1/Amazon/target/surefire 2020-09-21T14-01-41_510-jvmRun1 surefire13481235482997482318tmp surefire_013238542237745283025tmp"/>
    <property name="http.nonProxyHosts" value="local|*.local|169.254/16|*.169.254/16"/>
    <property name="jdk.debug" value="release"/>
    <property name="surefire.test.class.path" value="/Users/syedraza/IdeaProjects/BDDWebAutomationFramework_Team1/Amazon/target/test-classes:/Users/syedraza/IdeaProjects/BDDWebAutomationFramework_Team1/Amazon/target/classes:/Users/syedraza/IdeaProjects/BDDWebAutomationFramework_Team1/Generic/target/classes:/Users/syedraza/.m2/repository/org/seleniumhq/selenium/selenium-java/3.141.59/selenium-java-3.141.59.jar:/Users/syedraza/.m2/repository/org/seleniumhq/selenium/selenium-api/3.141.59/selenium-api-3.141.59.jar:/Users/syedraza/.m2/repository/org/seleniumhq/selenium/selenium-chrome-driver/3.141.59/selenium-chrome-driver-3.141.59.jar:/Users/syedraza/.m2/repository/org/seleniumhq/selenium/selenium-edge-driver/3.141.59/selenium-edge-driver-3.141.59.jar:/Users/syedraza/.m2/repository/org/seleniumhq/selenium/selenium-firefox-driver/3.141.59/selenium-firefox-driver-3.141.59.jar:/Users/syedraza/.m2/repository/org/seleniumhq/selenium/selenium-ie-driver/3.141.59/selenium-ie-driver-3.141.59.jar:/Users/syedraza/.m2/repository/org/seleniumhq/selenium/selenium-opera-driver/3.141.59/selenium-opera-driver-3.141.59.jar:/Users/syedraza/.m2/repository/org/seleniumhq/selenium/selenium-remote-driver/3.141.59/selenium-remote-driver-3.141.59.jar:/Users/syedraza/.m2/repository/org/seleniumhq/selenium/selenium-safari-driver/3.141.59/selenium-safari-driver-3.141.59.jar:/Users/syedraza/.m2/repository/org/seleniumhq/selenium/selenium-support/3.141.59/selenium-support-3.141.59.jar:/Users/syedraza/.m2/repository/net/bytebuddy/byte-buddy/1.8.15/byte-buddy-1.8.15.jar:/Users/syedraza/.m2/repository/org/apache/commons/commons-exec/1.3/commons-exec-1.3.jar:/Users/syedraza/.m2/repository/com/google/guava/guava/25.0-jre/guava-25.0-jre.jar:/Users/syedraza/.m2/repository/com/google/code/findbugs/jsr305/1.3.9/jsr305-1.3.9.jar:/Users/syedraza/.m2/repository/org/checkerframework/checker-compat-qual/2.0.0/checker-compat-qual-2.0.0.jar:/Users/syedraza/.m2/repository/com/google/errorprone/error_prone_annotations/2.1.3/error_prone_annotations-2.1.3.jar:/Users/syedraza/.m2/repository/com/google/j2objc/j2objc-annotations/1.1/j2objc-annotations-1.1.jar:/Users/syedraza/.m2/repository/org/codehaus/mojo/animal-sniffer-annotations/1.14/animal-sniffer-annotations-1.14.jar:/Users/syedraza/.m2/repository/com/squareup/okhttp3/okhttp/3.11.0/okhttp-3.11.0.jar:/Users/syedraza/.m2/repository/com/squareup/okio/okio/1.14.0/okio-1.14.0.jar:/Users/syedraza/.m2/repository/org/seleniumhq/selenium/selenium-server/3.141.59/selenium-server-3.141.59.jar:/Users/syedraza/.m2/repository/com/beust/jcommander/1.72/jcommander-1.72.jar:/Users/syedraza/.m2/repository/net/jcip/jcip-annotations/1.0/jcip-annotations-1.0.jar:/Users/syedraza/.m2/repository/org/seleniumhq/selenium/jetty-repacked/9.4.12.v20180830/jetty-repacked-9.4.12.v20180830.jar:/Users/syedraza/.m2/repository/javax/servlet/javax.servlet-api/3.1.0/javax.servlet-api-3.1.0.jar:/Users/syedraza/.m2/repository/org/yaml/snakeyaml/1.19/snakeyaml-1.19.jar:/Users/syedraza/.m2/repository/org/testng/testng/7.1.0/testng-7.1.0.jar:/Users/syedraza/.m2/repository/com/google/inject/guice/4.1.0/guice-4.1.0-no_aop.jar:/Users/syedraza/.m2/repository/javax/inject/javax.inject/1/javax.inject-1.jar:/Users/syedraza/.m2/repository/aopalliance/aopalliance/1.0/aopalliance-1.0.jar:/Users/syedraza/.m2/repository/io/github/bonigarcia/webdrivermanager/4.2.0/webdrivermanager-4.2.0.jar:/Users/syedraza/.m2/repository/org/slf4j/slf4j-api/1.7.30/slf4j-api-1.7.30.jar:/Users/syedraza/.m2/repository/com/google/code/gson/gson/2.8.6/gson-2.8.6.jar:/Users/syedraza/.m2/repository/org/apache/httpcomponents/client5/httpclient5/5.0.1/httpclient5-5.0.1.jar:/Users/syedraza/.m2/repository/org/apache/httpcomponents/core5/httpcore5/5.0.1/httpcore5-5.0.1.jar:/Users/syedraza/.m2/repository/org/apache/httpcomponents/core5/httpcore5-h2/5.0.1/httpcore5-h2-5.0.1.jar:/Users/syedraza/.m2/repository/org/rauschig/jarchivelib/1.0.0/jarchivelib-1.0.0.jar:/Users/syedraza/.m2/repository/org/jsoup/jsoup/1.13.1/jsoup-1.13.1.jar:/Users/syedraza/.m2/repository/org/mongodb/mongo-java-driver/3.12.7/mongo-java-driver-3.12.7.jar:/Users/syedraza/.m2/repository/mysql/mysql-connector-java/8.0.21/mysql-connector-java-8.0.21.jar:/Users/syedraza/.m2/repository/com/google/protobuf/protobuf-java/3.11.4/protobuf-java-3.11.4.jar:/Users/syedraza/.m2/repository/org/apache/poi/poi/4.1.2/poi-4.1.2.jar:/Users/syedraza/.m2/repository/commons-codec/commons-codec/1.13/commons-codec-1.13.jar:/Users/syedraza/.m2/repository/org/apache/commons/commons-collections4/4.4/commons-collections4-4.4.jar:/Users/syedraza/.m2/repository/org/apache/commons/commons-math3/3.6.1/commons-math3-3.6.1.jar:/Users/syedraza/.m2/repository/com/zaxxer/SparseBitSet/1.2/SparseBitSet-1.2.jar:/Users/syedraza/.m2/repository/org/apache/poi/poi-ooxml/4.1.2/poi-ooxml-4.1.2.jar:/Users/syedraza/.m2/repository/org/apache/poi/poi-ooxml-schemas/4.1.2/poi-ooxml-schemas-4.1.2.jar:/Users/syedraza/.m2/repository/org/apache/xmlbeans/xmlbeans/3.1.0/xmlbeans-3.1.0.jar:/Users/syedraza/.m2/repository/org/apache/commons/commons-compress/1.19/commons-compress-1.19.jar:/Users/syedraza/.m2/repository/com/github/virtuald/curvesapi/1.06/curvesapi-1.06.jar:/Users/syedraza/.m2/repository/com/aventstack/extentreports/5.0.3/extentreports-5.0.3.jar:/Users/syedraza/.m2/repository/io/reactivex/rxjava3/rxjava/3.0.4/rxjava-3.0.4.jar:/Users/syedraza/.m2/repository/org/reactivestreams/reactive-streams/1.0.3/reactive-streams-1.0.3.jar:/Users/syedraza/.m2/repository/org/freemarker/freemarker/2.3.30/freemarker-2.3.30.jar:/Users/syedraza/.m2/repository/org/projectlombok/lombok/1.18.12/lombok-1.18.12.jar:/Users/syedraza/.m2/repository/com/relevantcodes/extentreports/2.41.2/extentreports-2.41.2.jar:/Users/syedraza/.m2/repository/org/xerial/sqlite-jdbc/3.8.11.1/sqlite-jdbc-3.8.11.1.jar:/Users/syedraza/.m2/repository/org/mongodb/mongodb-driver/3.0.4/mongodb-driver-3.0.4.jar:/Users/syedraza/.m2/repository/org/mongodb/bson/3.0.4/bson-3.0.4.jar:/Users/syedraza/.m2/repository/org/mongodb/mongodb-driver-core/3.0.4/mongodb-driver-core-3.0.4.jar:/Users/syedraza/.m2/repository/org/apache/commons/commons-lang3/3.11/commons-lang3-3.11.jar:/Users/syedraza/.m2/repository/commons-io/commons-io/2.7/commons-io-2.7.jar:/Users/syedraza/.m2/repository/io/cucumber/cucumber-core/6.6.0/cucumber-core-6.6.0.jar:/Users/syedraza/.m2/repository/io/cucumber/cucumber-gherkin/6.6.0/cucumber-gherkin-6.6.0.jar:/Users/syedraza/.m2/repository/io/cucumber/cucumber-gherkin-messages/6.6.0/cucumber-gherkin-messages-6.6.0.jar:/Users/syedraza/.m2/repository/io/cucumber/messages/13.0.1/messages-13.0.1.jar:/Users/syedraza/.m2/repository/io/cucumber/tag-expressions/3.0.0/tag-expressions-3.0.0.jar:/Users/syedraza/.m2/repository/io/cucumber/cucumber-expressions/10.3.0/cucumber-expressions-10.3.0.jar:/Users/syedraza/.m2/repository/io/cucumber/datatable/3.4.0/datatable-3.4.0.jar:/Users/syedraza/.m2/repository/io/cucumber/cucumber-plugin/6.6.0/cucumber-plugin-6.6.0.jar:/Users/syedraza/.m2/repository/io/cucumber/docstring/6.6.0/docstring-6.6.0.jar:/Users/syedraza/.m2/repository/io/cucumber/html-formatter/9.0.0/html-formatter-9.0.0.jar:/Users/syedraza/.m2/repository/io/cucumber/create-meta/2.0.1/create-meta-2.0.1.jar:/Users/syedraza/.m2/repository/org/apiguardian/apiguardian-api/1.1.0/apiguardian-api-1.1.0.jar:/Users/syedraza/.m2/repository/io/cucumber/gherkin/15.0.2/gherkin-15.0.2.jar:/Users/syedraza/.m2/repository/io/cucumber/cucumber-html/0.2.7/cucumber-html-0.2.7.jar:/Users/syedraza/.m2/repository/io/cucumber/cucumber-java/6.6.0/cucumber-java-6.6.0.jar:/Users/syedraza/.m2/repository/net/masterthought/cucumber-reporting/5.3.1/cucumber-reporting-5.3.1.jar:/Users/syedraza/.m2/repository/com/fasterxml/jackson/core/jackson-databind/2.10.1/jackson-databind-2.10.1.jar:/Users/syedraza/.m2/repository/com/fasterxml/jackson/core/jackson-annotations/2.10.1/jackson-annotations-2.10.1.jar:/Users/syedraza/.m2/repository/com/fasterxml/jackson/core/jackson-core/2.10.1/jackson-core-2.10.1.jar:/Users/syedraza/.m2/repository/com/fasterxml/jackson/datatype/jackson-datatype-jsr310/2.10.1/jackson-datatype-jsr310-2.10.1.jar:/Users/syedraza/.m2/repository/org/apache/velocity/velocity-engine-core/2.1/velocity-engine-core-2.1.jar:/Users/syedraza/.m2/repository/commons-collections/commons-collections/3.2.2/commons-collections-3.2.2.jar:/Users/syedraza/.m2/repository/joda-time/joda-time/2.10.5/joda-time-2.10.5.jar:/Users/syedraza/.m2/repository/org/codehaus/plexus/plexus-utils/3.3.0/plexus-utils-3.3.0.jar:/Users/syedraza/.m2/repository/com/googlecode/owasp-java-html-sanitizer/owasp-java-html-sanitizer/20191001.1/owasp-java-html-sanitizer-20191001.1.jar:/Users/syedraza/.m2/repository/commons-configuration/commons-configuration/1.10/commons-configuration-1.10.jar:/Users/syedraza/.m2/repository/commons-lang/commons-lang/2.6/commons-lang-2.6.jar:/Users/syedraza/.m2/repository/commons-logging/commons-logging/1.1.1/commons-logging-1.1.1.jar:/Users/syedraza/.m2/repository/net/masterthought/maven-cucumber-reporting/5.3.0/maven-cucumber-reporting-5.3.0.jar:/Users/syedraza/.m2/repository/org/apache/maven/maven-plugin-api/3.6.3/maven-plugin-api-3.6.3.jar:/Users/syedraza/.m2/repository/org/apache/maven/maven-model/3.6.3/maven-model-3.6.3.jar:/Users/syedraza/.m2/repository/org/apache/maven/maven-artifact/3.6.3/maven-artifact-3.6.3.jar:/Users/syedraza/.m2/repository/org/eclipse/sisu/org.eclipse.sisu.plexus/0.3.4/org.eclipse.sisu.plexus-0.3.4.jar:/Users/syedraza/.m2/repository/javax/enterprise/cdi-api/1.0/cdi-api-1.0.jar:/Users/syedraza/.m2/repository/javax/annotation/jsr250-api/1.0/jsr250-api-1.0.jar:/Users/syedraza/.m2/repository/org/eclipse/sisu/org.eclipse.sisu.inject/0.3.4/org.eclipse.sisu.inject-0.3.4.jar:/Users/syedraza/.m2/repository/org/codehaus/plexus/plexus-component-annotations/1.5.5/plexus-component-annotations-1.5.5.jar:/Users/syedraza/.m2/repository/org/codehaus/plexus/plexus-classworlds/2.6.0/plexus-classworlds-2.6.0.jar:/Users/syedraza/.m2/repository/org/apache/maven/plugins/maven-gpg-plugin/1.6/maven-gpg-plugin-1.6.jar:/Users/syedraza/.m2/repository/org/apache/maven/maven-project/2.2.1/maven-project-2.2.1.jar:/Users/syedraza/.m2/repository/org/apache/maven/maven-settings/2.2.1/maven-settings-2.2.1.jar:/Users/syedraza/.m2/repository/org/apache/maven/maven-profile/2.2.1/maven-profile-2.2.1.jar:/Users/syedraza/.m2/repository/org/apache/maven/maven-artifact-manager/2.2.1/maven-artifact-manager-2.2.1.jar:/Users/syedraza/.m2/repository/org/apache/maven/wagon/wagon-provider-api/1.0-beta-6/wagon-provider-api-1.0-beta-6.jar:/Users/syedraza/.m2/repository/backport-util-concurrent/backport-util-concurrent/3.1/backport-util-concurrent-3.1.jar:/Users/syedraza/.m2/repository/org/apache/maven/maven-plugin-registry/2.2.1/maven-plugin-registry-2.2.1.jar:/Users/syedraza/.m2/repository/org/codehaus/plexus/plexus-interpolation/1.11/plexus-interpolation-1.11.jar:/Users/syedraza/.m2/repository/org/codehaus/plexus/plexus-container-default/1.0-alpha-9-stable-1/plexus-container-default-1.0-alpha-9-stable-1.jar:/Users/syedraza/.m2/repository/classworlds/classworlds/1.1-alpha-2/classworlds-1.1-alpha-2.jar:/Users/syedraza/.m2/repository/org/apache/maven/maven-repository-metadata/2.2.1/maven-repository-metadata-2.2.1.jar:/Users/syedraza/.m2/repository/org/sonatype/plexus/plexus-sec-dispatcher/1.4/plexus-sec-dispatcher-1.4.jar:/Users/syedraza/.m2/repository/org/sonatype/plexus/plexus-cipher/1.4/plexus-cipher-1.4.jar:/Users/syedraza/.m2/repository/junit/junit/4.13/junit-4.13.jar:/Users/syedraza/.m2/repository/org/junit/jupiter/junit-jupiter-api/5.6.2/junit-jupiter-api-5.6.2.jar:/Users/syedraza/.m2/repository/org/opentest4j/opentest4j/1.2.0/opentest4j-1.2.0.jar:/Users/syedraza/.m2/repository/org/junit/platform/junit-platform-commons/1.6.2/junit-platform-commons-1.6.2.jar:/Users/syedraza/.m2/repository/org/hamcrest/hamcrest-core/2.2/hamcrest-core-2.2.jar:/Users/syedraza/.m2/repository/org/hamcrest/hamcrest/2.2/hamcrest-2.2.jar:/Users/syedraza/.m2/repository/io/cucumber/cucumber-junit/6.6.0/cucumber-junit-6.6.0.jar:/Users/syedraza/.m2/repository/com/github/javafaker/javafaker/1.0.2/javafaker-1.0.2.jar:/Users/syedraza/.m2/repository/org/yaml/snakeyaml/1.23/snakeyaml-1.23-android.jar:/Users/syedraza/.m2/repository/com/github/mifmif/generex/1.0.2/generex-1.0.2.jar:/Users/syedraza/.m2/repository/dk/brics/automaton/automaton/1.11-8/automaton-1.11-8.jar:"/>
    <property name="sun.cpu.endian" value="little"/>
    <property name="user.home" value="/Users/syedraza"/>
    <property name="user.language" value="en"/>
    <property name="java.specification.vendor" value="Oracle Corporation"/>
    <property name="java.version.date" value="2020-04-14"/>
    <property name="java.home" value="/Library/Java/JavaVirtualMachines/jdk-11.0.7.jdk/Contents/Home"/>
    <property name="file.separator" value="/"/>
    <property name="basedir" value="/Users/syedraza/IdeaProjects/BDDWebAutomationFramework_Team1/Amazon"/>
    <property name="java.vm.compressedOopsMode" value="Zero based"/>
    <property name="line.separator" value="&#10;"/>
    <property name="java.specification.name" value="Java Platform API Specification"/>
    <property name="java.vm.specification.vendor" value="Oracle Corporation"/>
    <property name="java.awt.graphicsenv" value="sun.awt.CGraphicsEnvironment"/>
    <property name="surefire.real.class.path" value="/Users/syedraza/IdeaProjects/BDDWebAutomationFramework_Team1/Amazon/target/surefire/surefirebooter5285813512672305769.jar"/>
    <property name="sun.management.compiler" value="HotSpot 64-Bit Tiered Compilers"/>
    <property name="ftp.nonProxyHosts" value="local|*.local|169.254/16|*.169.254/16"/>
    <property name="java.runtime.version" value="11.0.7+8-LTS"/>
    <property name="user.name" value="syedraza"/>
    <property name="path.separator" value=":"/>
    <property name="os.version" value="10.15.6"/>
    <property name="java.runtime.name" value="Java(TM) SE Runtime Environment"/>
    <property name="file.encoding" value="UTF-8"/>
    <property name="java.vm.name" value="Java HotSpot(TM) 64-Bit Server VM"/>
    <property name="java.vendor.version" value="18.9"/>
    <property name="localRepository" value="/Users/syedraza/.m2/repository"/>
    <property name="java.vendor.url.bug" value="https://bugreport.java.com/bugreport/"/>
    <property name="java.io.tmpdir" value="/var/folders/xh/fygjm06s7q9dv0ppt0g9dhn00000gn/T/"/>
    <property name="java.version" value="11.0.7"/>
    <property name="user.dir" value="/Users/syedraza/IdeaProjects/BDDWebAutomationFramework_Team1/Amazon"/>
    <property name="os.arch" value="x86_64"/>
    <property name="java.vm.specification.name" value="Java Virtual Machine Specification"/>
    <property name="java.awt.printerjob" value="sun.lwawt.macosx.CPrinterJob"/>
    <property name="sun.os.patch.level" value="unknown"/>
    <property name="java.library.path" value="/Users/syedraza/Library/Java/Extensions:/Library/Java/Extensions:/Network/Library/Java/Extensions:/System/Library/Java/Extensions:/usr/lib/java:."/>
    <property name="java.vendor" value="Oracle Corporation"/>
    <property name="java.vm.info" value="mixed mode"/>
    <property name="java.vm.version" value="11.0.7+8-LTS"/>
    <property name="sun.io.unicode.encoding" value="UnicodeBig"/>
    <property name="java.class.version" value="55.0"/>
    <property name="socksNonProxyHosts" value="local|*.local|169.254/16|*.169.254/16"/>
  </properties>
  <testcase name="Check that user can add an item into the cart and verify it using &apos;Added to Cart&apos; text" classname="Amazon cart functionality check" time="55.757">
    <error type="org.openqa.selenium.NoSuchElementException"><![CDATA[org.openqa.selenium.NoSuchElementException: 
no such element: Unable to locate element: {"method":"css selector","selector":".huc\-v2\-confirm\-text\-container"}
  (Session info: chrome=85.0.4183.121)
For documentation on this error, please visit: https://www.seleniumhq.org/exceptions/no_such_element.html
Build info: version: '3.141.59', revision: 'e82be7d358', time: '2018-11-14T08:17:03'
System info: host: 'Syeds-MBP.ed.shawcable.net', ip: '2604:3d09:6e80:4500:0:0:0:6034%en0', os.name: 'Mac OS X', os.arch: 'x86_64', os.version: '10.15.6', java.version: '11.0.7'
Driver info: org.openqa.selenium.chrome.ChromeDriver
Capabilities {acceptInsecureCerts: false, browserName: chrome, browserVersion: 85.0.4183.121, chrome: {chromedriverVersion: 85.0.4183.87 (cd6713ebf92fa..., userDataDir: /var/folders/xh/fygjm06s7q9...}, goog:chromeOptions: {debuggerAddress: localhost:50174}, javascriptEnabled: true, networkConnectionEnabled: false, pageLoadStrategy: normal, platform: MAC, platformName: MAC, proxy: Proxy(), setWindowRect: true, strictFileInteractability: false, timeouts: {implicit: 0, pageLoad: 300000, script: 30000}, unhandledPromptBehavior: dismiss and notify, webauthn:virtualAuthenticators: true}
Session ID: 3e47cca2b68bf1fb3197e471b8588088
*** Element info: {Using=class name, value=huc-v2-confirm-text-container}
]]></error>
    <system-out><![CDATA[Let's try Mac
First Attempt was not successful
Second Attempt was not successful
Third Attempt was not successful
]]></system-out>
    <system-err><![CDATA[Starting ChromeDriver 85.0.4183.87 (cd6713ebf92fa1cacc0f1a598df280093af0c5d7-refs/branch-heads/4183@{#1689}) on port 29195
Only local connections are allowed.
Please see https://chromedriver.chromium.org/security-considerations for suggestions on keeping ChromeDriver safe.
ChromeDriver was started successfully.
Sep. 21, 2020 2:01:49 P.M. org.openqa.selenium.remote.ProtocolHandshake createSession
INFO: Detected dialect: W3C
]]></system-err>
  </testcase>
  <testcase name="Check that user can add an item into the cart by verifying that the item exists in the cart" classname="Amazon cart functionality check" time="14.906">
    <system-out><![CDATA[Let's try Mac
]]></system-out>
    <system-err><![CDATA[Starting ChromeDriver 85.0.4183.87 (cd6713ebf92fa1cacc0f1a598df280093af0c5d7-refs/branch-heads/4183@{#1689}) on port 7799
Only local connections are allowed.
Please see https://chromedriver.chromium.org/security-considerations for suggestions on keeping ChromeDriver safe.
ChromeDriver was started successfully.
Sep. 21, 2020 2:02:41 P.M. org.openqa.selenium.remote.ProtocolHandshake createSession
INFO: Detected dialect: W3C
]]></system-err>
  </testcase>
  <testcase name="Check that user can delete an item from the cart by verifying that &apos;Your Amazon Cart is empty&apos; #1" classname="Amazon cart functionality check" time="16.263">
    <system-out><![CDATA[Let's try Mac
]]></system-out>
    <system-err><![CDATA[Starting ChromeDriver 85.0.4183.87 (cd6713ebf92fa1cacc0f1a598df280093af0c5d7-refs/branch-heads/4183@{#1689}) on port 48674
Only local connections are allowed.
Please see https://chromedriver.chromium.org/security-considerations for suggestions on keeping ChromeDriver safe.
ChromeDriver was started successfully.
Sep. 21, 2020 2:02:56 P.M. org.openqa.selenium.remote.ProtocolHandshake createSession
INFO: Detected dialect: W3C
]]></system-err>
  </testcase>
  <testcase name="Check that user can delete an item from the cart by verifying that &apos;Your Amazon Cart is empty&apos; #2" classname="Amazon cart functionality check" time="27.29">
    <system-out><![CDATA[Let's try Mac
]]></system-out>
    <system-err><![CDATA[Starting ChromeDriver 85.0.4183.87 (cd6713ebf92fa1cacc0f1a598df280093af0c5d7-refs/branch-heads/4183@{#1689}) on port 48000
Only local connections are allowed.
Please see https://chromedriver.chromium.org/security-considerations for suggestions on keeping ChromeDriver safe.
ChromeDriver was started successfully.
Sep. 21, 2020 2:03:12 P.M. org.openqa.selenium.remote.ProtocolHandshake createSession
INFO: Detected dialect: W3C
]]></system-err>
  </testcase>
  <testcase name="Check that Amazon homepage loads using title" classname="Amazon homepage functionality check" time="5.118">
    <system-out><![CDATA[Let's try Mac
]]></system-out>
    <system-err><![CDATA[Starting ChromeDriver 85.0.4183.87 (cd6713ebf92fa1cacc0f1a598df280093af0c5d7-refs/branch-heads/4183@{#1689}) on port 18510
Only local connections are allowed.
Please see https://chromedriver.chromium.org/security-considerations for suggestions on keeping ChromeDriver safe.
ChromeDriver was started successfully.
Sep. 21, 2020 2:03:40 P.M. org.openqa.selenium.remote.ProtocolHandshake createSession
INFO: Detected dialect: W3C
]]></system-err>
  </testcase>
  <testcase name="Check that &apos;Today&apos;s Deal&apos; tab is functional using title" classname="Amazon homepage functionality check" time="6.884">
    <system-out><![CDATA[Let's try Mac
]]></system-out>
    <system-err><![CDATA[Starting ChromeDriver 85.0.4183.87 (cd6713ebf92fa1cacc0f1a598df280093af0c5d7-refs/branch-heads/4183@{#1689}) on port 5350
Only local connections are allowed.
Please see https://chromedriver.chromium.org/security-considerations for suggestions on keeping ChromeDriver safe.
ChromeDriver was started successfully.
Sep. 21, 2020 2:03:45 P.M. org.openqa.selenium.remote.ProtocolHandshake createSession
INFO: Detected dialect: W3C
]]></system-err>
  </testcase>
  <testcase name="Check that &apos;Today&apos;s Deal&apos; tab is functional using &apos;Deals and Promotions&apos; text" classname="Amazon homepage functionality check" time="6.924">
    <system-out><![CDATA[Let's try Mac
]]></system-out>
    <system-err><![CDATA[Starting ChromeDriver 85.0.4183.87 (cd6713ebf92fa1cacc0f1a598df280093af0c5d7-refs/branch-heads/4183@{#1689}) on port 10174
Only local connections are allowed.
Please see https://chromedriver.chromium.org/security-considerations for suggestions on keeping ChromeDriver safe.
ChromeDriver was started successfully.
Sep. 21, 2020 2:03:52 P.M. org.openqa.selenium.remote.ProtocolHandshake createSession
INFO: Detected dialect: W3C
]]></system-err>
  </testcase>
  <testcase name="Check that &apos;Customer Service&apos; tab is functional using title" classname="Amazon homepage functionality check" time="6.638">
    <system-out><![CDATA[Let's try Mac
]]></system-out>
    <system-err><![CDATA[Starting ChromeDriver 85.0.4183.87 (cd6713ebf92fa1cacc0f1a598df280093af0c5d7-refs/branch-heads/4183@{#1689}) on port 42983
Only local connections are allowed.
Please see https://chromedriver.chromium.org/security-considerations for suggestions on keeping ChromeDriver safe.
ChromeDriver was started successfully.
Sep. 21, 2020 2:03:58 P.M. org.openqa.selenium.remote.ProtocolHandshake createSession
INFO: Detected dialect: W3C
]]></system-err>
  </testcase>
  <testcase name="Check that &apos;Gift Cards&apos; tab is functional using title and text" classname="Amazon homepage functionality check" time="7.021">
    <system-out><![CDATA[Let's try Mac
]]></system-out>
    <system-err><![CDATA[Starting ChromeDriver 85.0.4183.87 (cd6713ebf92fa1cacc0f1a598df280093af0c5d7-refs/branch-heads/4183@{#1689}) on port 22761
Only local connections are allowed.
Please see https://chromedriver.chromium.org/security-considerations for suggestions on keeping ChromeDriver safe.
ChromeDriver was started successfully.
Sep. 21, 2020 2:04:05 P.M. org.openqa.selenium.remote.ProtocolHandshake createSession
INFO: Detected dialect: W3C
]]></system-err>
  </testcase>
  <testcase name="Check that &apos;Registry&apos; tab is functional using title" classname="Amazon homepage functionality check" time="6.12">
    <system-out><![CDATA[Let's try Mac
]]></system-out>
    <system-err><![CDATA[Starting ChromeDriver 85.0.4183.87 (cd6713ebf92fa1cacc0f1a598df280093af0c5d7-refs/branch-heads/4183@{#1689}) on port 42846
Only local connections are allowed.
Please see https://chromedriver.chromium.org/security-considerations for suggestions on keeping ChromeDriver safe.
ChromeDriver was started successfully.
Sep. 21, 2020 2:04:12 P.M. org.openqa.selenium.remote.ProtocolHandshake createSession
INFO: Detected dialect: W3C
]]></system-err>
  </testcase>
  <testcase name="Check that &apos;Sell&apos; tab is functional using title" classname="Amazon homepage functionality check" time="69.831">
    <system-out><![CDATA[Let's try Mac
]]></system-out>
    <system-err><![CDATA[Starting ChromeDriver 85.0.4183.87 (cd6713ebf92fa1cacc0f1a598df280093af0c5d7-refs/branch-heads/4183@{#1689}) on port 46884
Only local connections are allowed.
Please see https://chromedriver.chromium.org/security-considerations for suggestions on keeping ChromeDriver safe.
ChromeDriver was started successfully.
Sep. 21, 2020 2:04:18 P.M. org.openqa.selenium.remote.ProtocolHandshake createSession
INFO: Detected dialect: W3C
]]></system-err>
  </testcase>
  <testcase name="Check that &apos;Music&apos; link is functional using URL and title" classname="Amazon homepage functionality check" time="7.32">
    <system-out><![CDATA[Let's try Mac
]]></system-out>
    <system-err><![CDATA[Starting ChromeDriver 85.0.4183.87 (cd6713ebf92fa1cacc0f1a598df280093af0c5d7-refs/branch-heads/4183@{#1689}) on port 48295
Only local connections are allowed.
Please see https://chromedriver.chromium.org/security-considerations for suggestions on keeping ChromeDriver safe.
ChromeDriver was started successfully.
Sep. 21, 2020 2:05:28 P.M. org.openqa.selenium.remote.ProtocolHandshake createSession
INFO: Detected dialect: W3C
]]></system-err>
  </testcase>
  <testcase name="Check that &apos;Advertise Your Product&apos; link is functional using title, URL, and text" classname="Amazon homepage functionality check" time="29.577">
    <error type="org.openqa.selenium.InvalidSelectorException"><![CDATA[org.openqa.selenium.InvalidSelectorException: 
invalid selector: An invalid or illegal selector was specified
  (Session info: chrome=85.0.4183.121)
For documentation on this error, please visit: https://www.seleniumhq.org/exceptions/invalid_selector_exception.html
Build info: version: '3.141.59', revision: 'e82be7d358', time: '2018-11-14T08:17:03'
System info: host: 'Syeds-MBP.ed.shawcable.net', ip: '2604:3d09:6e80:4500:0:0:0:6034%en0', os.name: 'Mac OS X', os.arch: 'x86_64', os.version: '10.15.6', java.version: '11.0.7'
Driver info: org.openqa.selenium.chrome.ChromeDriver
Capabilities {acceptInsecureCerts: false, browserName: chrome, browserVersion: 85.0.4183.121, chrome: {chromedriverVersion: 85.0.4183.87 (cd6713ebf92fa..., userDataDir: /var/folders/xh/fygjm06s7q9...}, goog:chromeOptions: {debuggerAddress: localhost:50870}, javascriptEnabled: true, networkConnectionEnabled: false, pageLoadStrategy: normal, platform: MAC, platformName: MAC, proxy: Proxy(), setWindowRect: true, strictFileInteractability: false, timeouts: {implicit: 0, pageLoad: 300000, script: 30000}, unhandledPromptBehavior: dismiss and notify, webauthn:virtualAuthenticators: true}
Session ID: c99c2baed225bc76ef5fdfbf58df47fa
*** Element info: {Using=name, value=//h1[text()='Advertise with intent']}
]]></error>
    <system-out><![CDATA[Let's try Mac
]]></system-out>
    <system-err><![CDATA[Starting ChromeDriver 85.0.4183.87 (cd6713ebf92fa1cacc0f1a598df280093af0c5d7-refs/branch-heads/4183@{#1689}) on port 29847
Only local connections are allowed.
Please see https://chromedriver.chromium.org/security-considerations for suggestions on keeping ChromeDriver safe.
ChromeDriver was started successfully.
Sep. 21, 2020 2:05:35 P.M. org.openqa.selenium.remote.ProtocolHandshake createSession
INFO: Detected dialect: W3C
]]></system-err>
  </testcase>
  <testcase name="Check that user can navigate to &apos;Computers &amp; Tablets&apos; page using &apos;Shop By Category&apos; burger button" classname="Amazon homepage functionality check" time="7.654">
    <system-out><![CDATA[Let's try Mac
]]></system-out>
    <system-err><![CDATA[Starting ChromeDriver 85.0.4183.87 (cd6713ebf92fa1cacc0f1a598df280093af0c5d7-refs/branch-heads/4183@{#1689}) on port 18449
Only local connections are allowed.
Please see https://chromedriver.chromium.org/security-considerations for suggestions on keeping ChromeDriver safe.
ChromeDriver was started successfully.
Sep. 21, 2020 2:06:05 P.M. org.openqa.selenium.remote.ProtocolHandshake createSession
INFO: Detected dialect: W3C
]]></system-err>
  </testcase>
  <testcase name="Check that user can navigate to &apos;Computers &amp; Tablets&apos; page and select &apos;HP&apos; from &apos;Featured Brands&apos; selection." classname="Amazon homepage functionality check" time="7.869">
    <system-out><![CDATA[Let's try Mac
]]></system-out>
    <system-err><![CDATA[Starting ChromeDriver 85.0.4183.87 (cd6713ebf92fa1cacc0f1a598df280093af0c5d7-refs/branch-heads/4183@{#1689}) on port 16614
Only local connections are allowed.
Please see https://chromedriver.chromium.org/security-considerations for suggestions on keeping ChromeDriver safe.
ChromeDriver was started successfully.
Sep. 21, 2020 2:06:13 P.M. org.openqa.selenium.remote.ProtocolHandshake createSession
INFO: Detected dialect: W3C
]]></system-err>
  </testcase>
  <testcase name="Check that user can navigate to the Registration page using title" classname="Amazon Registration functionality check" time="6.42">
    <system-out><![CDATA[Let's try Mac
]]></system-out>
    <system-err><![CDATA[Starting ChromeDriver 85.0.4183.87 (cd6713ebf92fa1cacc0f1a598df280093af0c5d7-refs/branch-heads/4183@{#1689}) on port 4280
Only local connections are allowed.
Please see https://chromedriver.chromium.org/security-considerations for suggestions on keeping ChromeDriver safe.
ChromeDriver was started successfully.
Sep. 21, 2020 2:06:20 P.M. org.openqa.selenium.remote.ProtocolHandshake createSession
INFO: Detected dialect: W3C
]]></system-err>
  </testcase>
  <testcase name="Check that if user does not provide a name when registering, an alert message" classname="Amazon Registration functionality check" time="6.679">
    <system-out><![CDATA[Let's try Mac
]]></system-out>
    <system-err><![CDATA[Starting ChromeDriver 85.0.4183.87 (cd6713ebf92fa1cacc0f1a598df280093af0c5d7-refs/branch-heads/4183@{#1689}) on port 15650
Only local connections are allowed.
Please see https://chromedriver.chromium.org/security-considerations for suggestions on keeping ChromeDriver safe.
ChromeDriver was started successfully.
Sep. 21, 2020 2:06:27 P.M. org.openqa.selenium.remote.ProtocolHandshake createSession
INFO: Detected dialect: W3C
]]></system-err>
  </testcase>
  <testcase name="Check that if user does not provide a email when registering, an alert message" classname="Amazon Registration functionality check" time="6.768">
    <system-out><![CDATA[Let's try Mac
]]></system-out>
    <system-err><![CDATA[Starting ChromeDriver 85.0.4183.87 (cd6713ebf92fa1cacc0f1a598df280093af0c5d7-refs/branch-heads/4183@{#1689}) on port 37112
Only local connections are allowed.
Please see https://chromedriver.chromium.org/security-considerations for suggestions on keeping ChromeDriver safe.
ChromeDriver was started successfully.
Sep. 21, 2020 2:06:34 P.M. org.openqa.selenium.remote.ProtocolHandshake createSession
INFO: Detected dialect: W3C
]]></system-err>
  </testcase>
  <testcase name="Check that if user does not provide a valid email format when registering, an alert message" classname="Amazon Registration functionality check" time="5.795">
    <system-out><![CDATA[Let's try Mac
]]></system-out>
    <system-err><![CDATA[Starting ChromeDriver 85.0.4183.87 (cd6713ebf92fa1cacc0f1a598df280093af0c5d7-refs/branch-heads/4183@{#1689}) on port 29011
Only local connections are allowed.
Please see https://chromedriver.chromium.org/security-considerations for suggestions on keeping ChromeDriver safe.
ChromeDriver was started successfully.
Sep. 21, 2020 2:06:40 P.M. org.openqa.selenium.remote.ProtocolHandshake createSession
INFO: Detected dialect: W3C
]]></system-err>
  </testcase>
  <testcase name="Check that if user does not provide a password when registering, an alert message" classname="Amazon Registration functionality check" time="5.471">
    <system-out><![CDATA[Let's try Mac
]]></system-out>
    <system-err><![CDATA[Starting ChromeDriver 85.0.4183.87 (cd6713ebf92fa1cacc0f1a598df280093af0c5d7-refs/branch-heads/4183@{#1689}) on port 6215
Only local connections are allowed.
Please see https://chromedriver.chromium.org/security-considerations for suggestions on keeping ChromeDriver safe.
ChromeDriver was started successfully.
Sep. 21, 2020 2:06:46 P.M. org.openqa.selenium.remote.ProtocolHandshake createSession
INFO: Detected dialect: W3C
]]></system-err>
  </testcase>
  <testcase name="Check that if user does not re-enter a password when registering, an alert message" classname="Amazon Registration functionality check" time="5.965">
    <system-out><![CDATA[Let's try Mac
]]></system-out>
    <system-err><![CDATA[Starting ChromeDriver 85.0.4183.87 (cd6713ebf92fa1cacc0f1a598df280093af0c5d7-refs/branch-heads/4183@{#1689}) on port 39145
Only local connections are allowed.
Please see https://chromedriver.chromium.org/security-considerations for suggestions on keeping ChromeDriver safe.
ChromeDriver was started successfully.
Sep. 21, 2020 2:06:52 P.M. org.openqa.selenium.remote.ProtocolHandshake createSession
INFO: Detected dialect: W3C
]]></system-err>
  </testcase>
  <testcase name="Check that if user does not provide a password that is at least 6 characters long" classname="Amazon Registration functionality check" time="5.952">
    <system-out><![CDATA[Let's try Mac
]]></system-out>
    <system-err><![CDATA[Starting ChromeDriver 85.0.4183.87 (cd6713ebf92fa1cacc0f1a598df280093af0c5d7-refs/branch-heads/4183@{#1689}) on port 24340
Only local connections are allowed.
Please see https://chromedriver.chromium.org/security-considerations for suggestions on keeping ChromeDriver safe.
ChromeDriver was started successfully.
Sep. 21, 2020 2:06:58 P.M. org.openqa.selenium.remote.ProtocolHandshake createSession
INFO: Detected dialect: W3C
]]></system-err>
  </testcase>
  <testcase name="Check that if user tries to register with an email that already has been used to create an" classname="Amazon Registration functionality check" time="6.236">
    <system-out><![CDATA[Let's try Mac
]]></system-out>
    <system-err><![CDATA[Starting ChromeDriver 85.0.4183.87 (cd6713ebf92fa1cacc0f1a598df280093af0c5d7-refs/branch-heads/4183@{#1689}) on port 47315
Only local connections are allowed.
Please see https://chromedriver.chromium.org/security-considerations for suggestions on keeping ChromeDriver safe.
ChromeDriver was started successfully.
Sep. 21, 2020 2:07:04 P.M. org.openqa.selenium.remote.ProtocolHandshake createSession
INFO: Detected dialect: W3C
]]></system-err>
  </testcase>
  <testcase name="Amazon search field functionality check with one item using title" classname="Amazon search functionality check" time="7.922">
    <failure type="org.junit.ComparisonFailure"><![CDATA[org.junit.ComparisonFailure: expected:<Amazon.com : [hand sanitizers]> but was:<Amazon.com : [Hand Sanitizer]>
]]></failure>
    <system-out><![CDATA[Let's try Mac
]]></system-out>
    <system-err><![CDATA[Starting ChromeDriver 85.0.4183.87 (cd6713ebf92fa1cacc0f1a598df280093af0c5d7-refs/branch-heads/4183@{#1689}) on port 5761
Only local connections are allowed.
Please see https://chromedriver.chromium.org/security-considerations for suggestions on keeping ChromeDriver safe.
ChromeDriver was started successfully.
Sep. 21, 2020 2:07:10 P.M. org.openqa.selenium.remote.ProtocolHandshake createSession
INFO: Detected dialect: W3C
]]></system-err>
  </testcase>
  <testcase name="Amazon search field functionality check with two items #1" classname="Amazon search functionality check" time="7.144">
    <system-out><![CDATA[Let's try Mac
]]></system-out>
    <system-err><![CDATA[Starting ChromeDriver 85.0.4183.87 (cd6713ebf92fa1cacc0f1a598df280093af0c5d7-refs/branch-heads/4183@{#1689}) on port 21753
Only local connections are allowed.
Please see https://chromedriver.chromium.org/security-considerations for suggestions on keeping ChromeDriver safe.
ChromeDriver was started successfully.
Sep. 21, 2020 2:07:18 P.M. org.openqa.selenium.remote.ProtocolHandshake createSession
INFO: Detected dialect: W3C
]]></system-err>
  </testcase>
  <testcase name="Amazon search field functionality check with two items #2" classname="Amazon search functionality check" time="7.405">
    <system-out><![CDATA[Let's try Mac
]]></system-out>
    <system-err><![CDATA[Starting ChromeDriver 85.0.4183.87 (cd6713ebf92fa1cacc0f1a598df280093af0c5d7-refs/branch-heads/4183@{#1689}) on port 9485
Only local connections are allowed.
Please see https://chromedriver.chromium.org/security-considerations for suggestions on keeping ChromeDriver safe.
ChromeDriver was started successfully.
Sep. 21, 2020 2:07:25 P.M. org.openqa.selenium.remote.ProtocolHandshake createSession
INFO: Detected dialect: W3C
]]></system-err>
  </testcase>
  <testcase name="Amazon &apos;All&apos; dropdown search functionality check with &apos;Computers&apos; department" classname="Amazon search functionality check" time="6.511">
    <system-out><![CDATA[Let's try Mac
]]></system-out>
    <system-err><![CDATA[Starting ChromeDriver 85.0.4183.87 (cd6713ebf92fa1cacc0f1a598df280093af0c5d7-refs/branch-heads/4183@{#1689}) on port 17116
Only local connections are allowed.
Please see https://chromedriver.chromium.org/security-considerations for suggestions on keeping ChromeDriver safe.
ChromeDriver was started successfully.
Sep. 21, 2020 2:07:32 P.M. org.openqa.selenium.remote.ProtocolHandshake createSession
INFO: Detected dialect: W3C
]]></system-err>
  </testcase>
  <testcase name="Amazon &apos;All&apos; dropdown search functionality check by selecting each department and validating" classname="Amazon search functionality check" time="6.093">
    <system-out><![CDATA[Let's try Mac
]]></system-out>
    <system-err><![CDATA[Starting ChromeDriver 85.0.4183.87 (cd6713ebf92fa1cacc0f1a598df280093af0c5d7-refs/branch-heads/4183@{#1689}) on port 4649
Only local connections are allowed.
Please see https://chromedriver.chromium.org/security-considerations for suggestions on keeping ChromeDriver safe.
ChromeDriver was started successfully.
Sep. 21, 2020 2:07:39 P.M. org.openqa.selenium.remote.ProtocolHandshake createSession
INFO: Detected dialect: W3C
]]></system-err>
  </testcase>
  <testcase name="Check that user can navigate from homepage to Sign In page using title" classname="Amazon Sign In functionality check" time="4.763">
    <system-out><![CDATA[Let's try Mac
]]></system-out>
    <system-err><![CDATA[Starting ChromeDriver 85.0.4183.87 (cd6713ebf92fa1cacc0f1a598df280093af0c5d7-refs/branch-heads/4183@{#1689}) on port 48614
Only local connections are allowed.
Please see https://chromedriver.chromium.org/security-considerations for suggestions on keeping ChromeDriver safe.
ChromeDriver was started successfully.
Sep. 21, 2020 2:07:45 P.M. org.openqa.selenium.remote.ProtocolHandshake createSession
INFO: Detected dialect: W3C
]]></system-err>
  </testcase>
  <testcase name="Check that an alert message is displayed when user tries to login with an invalid email" classname="Amazon Sign In functionality check" time="7.598">
    <system-out><![CDATA[Let's try Mac
]]></system-out>
    <system-err><![CDATA[Starting ChromeDriver 85.0.4183.87 (cd6713ebf92fa1cacc0f1a598df280093af0c5d7-refs/branch-heads/4183@{#1689}) on port 11088
Only local connections are allowed.
Please see https://chromedriver.chromium.org/security-considerations for suggestions on keeping ChromeDriver safe.
ChromeDriver was started successfully.
Sep. 21, 2020 2:07:50 P.M. org.openqa.selenium.remote.ProtocolHandshake createSession
INFO: Detected dialect: W3C
]]></system-err>
  </testcase>
  <testcase name="Check that an alert message is displayed when user tries to login with an invalid phone number" classname="Amazon Sign In functionality check" time="7.869">
    <system-out><![CDATA[Let's try Mac
]]></system-out>
    <system-err><![CDATA[Starting ChromeDriver 85.0.4183.87 (cd6713ebf92fa1cacc0f1a598df280093af0c5d7-refs/branch-heads/4183@{#1689}) on port 46820
Only local connections are allowed.
Please see https://chromedriver.chromium.org/security-considerations for suggestions on keeping ChromeDriver safe.
ChromeDriver was started successfully.
Sep. 21, 2020 2:07:57 P.M. org.openqa.selenium.remote.ProtocolHandshake createSession
INFO: Detected dialect: W3C
]]></system-err>
  </testcase>
  <testcase name="Check that an alert message is displayed when user tries to login with an invalid password" classname="Amazon Sign In functionality check" time="12.736">
    <system-out><![CDATA[Let's try Mac
]]></system-out>
    <system-err><![CDATA[Starting ChromeDriver 85.0.4183.87 (cd6713ebf92fa1cacc0f1a598df280093af0c5d7-refs/branch-heads/4183@{#1689}) on port 21592
Only local connections are allowed.
Please see https://chromedriver.chromium.org/security-considerations for suggestions on keeping ChromeDriver safe.
ChromeDriver was started successfully.
Sep. 21, 2020 2:08:05 P.M. org.openqa.selenium.remote.ProtocolHandshake createSession
INFO: Detected dialect: W3C
]]></system-err>
  </testcase>
  <testcase name="Check that an user can successfully log into Amazon" classname="Amazon Sign In functionality check" time="26.925">
    <error type="org.openqa.selenium.NoSuchElementException"><![CDATA[org.openqa.selenium.NoSuchElementException: 
no such element: Unable to locate element: {"method":"css selector","selector":".nav\-shortened\-name"}
  (Session info: chrome=85.0.4183.121)
For documentation on this error, please visit: https://www.seleniumhq.org/exceptions/no_such_element.html
Build info: version: '3.141.59', revision: 'e82be7d358', time: '2018-11-14T08:17:03'
System info: host: 'Syeds-MBP.ed.shawcable.net', ip: '2604:3d09:6e80:4500:0:0:0:6034%en0', os.name: 'Mac OS X', os.arch: 'x86_64', os.version: '10.15.6', java.version: '11.0.7'
Driver info: org.openqa.selenium.chrome.ChromeDriver
Capabilities {acceptInsecureCerts: false, browserName: chrome, browserVersion: 85.0.4183.121, chrome: {chromedriverVersion: 85.0.4183.87 (cd6713ebf92fa..., userDataDir: /var/folders/xh/fygjm06s7q9...}, goog:chromeOptions: {debuggerAddress: localhost:51567}, javascriptEnabled: true, networkConnectionEnabled: false, pageLoadStrategy: normal, platform: MAC, platformName: MAC, proxy: Proxy(), setWindowRect: true, strictFileInteractability: false, timeouts: {implicit: 0, pageLoad: 300000, script: 30000}, unhandledPromptBehavior: dismiss and notify, webauthn:virtualAuthenticators: true}
Session ID: 0a8db3958da6a8938865c386651c6535
*** Element info: {Using=class name, value=nav-shortened-name}
]]></error>
    <system-out><![CDATA[Let's try Mac
]]></system-out>
    <system-err><![CDATA[Starting ChromeDriver 85.0.4183.87 (cd6713ebf92fa1cacc0f1a598df280093af0c5d7-refs/branch-heads/4183@{#1689}) on port 20188
Only local connections are allowed.
Please see https://chromedriver.chromium.org/security-considerations for suggestions on keeping ChromeDriver safe.
ChromeDriver was started successfully.
Sep. 21, 2020 2:08:18 P.M. org.openqa.selenium.remote.ProtocolHandshake createSession
INFO: Detected dialect: W3C
]]></system-err>
  </testcase>
  <testcase name="Check that two users can successfully log into Amazon consecutively #1" classname="Amazon Sign In functionality check" time="24.561">
    <error type="org.openqa.selenium.NoSuchElementException"><![CDATA[org.openqa.selenium.NoSuchElementException: 
no such element: Unable to locate element: {"method":"css selector","selector":".nav\-shortened\-name"}
  (Session info: chrome=85.0.4183.121)
For documentation on this error, please visit: https://www.seleniumhq.org/exceptions/no_such_element.html
Build info: version: '3.141.59', revision: 'e82be7d358', time: '2018-11-14T08:17:03'
System info: host: 'Syeds-MBP.ed.shawcable.net', ip: '2604:3d09:6e80:4500:0:0:0:6034%en0', os.name: 'Mac OS X', os.arch: 'x86_64', os.version: '10.15.6', java.version: '11.0.7'
Driver info: org.openqa.selenium.chrome.ChromeDriver
Capabilities {acceptInsecureCerts: false, browserName: chrome, browserVersion: 85.0.4183.121, chrome: {chromedriverVersion: 85.0.4183.87 (cd6713ebf92fa..., userDataDir: /var/folders/xh/fygjm06s7q9...}, goog:chromeOptions: {debuggerAddress: localhost:51601}, javascriptEnabled: true, networkConnectionEnabled: false, pageLoadStrategy: normal, platform: MAC, platformName: MAC, proxy: Proxy(), setWindowRect: true, strictFileInteractability: false, timeouts: {implicit: 0, pageLoad: 300000, script: 30000}, unhandledPromptBehavior: dismiss and notify, webauthn:virtualAuthenticators: true}
Session ID: eb1c1d0596f04ae444de4b04a5747e4f
*** Element info: {Using=class name, value=nav-shortened-name}
]]></error>
    <system-out><![CDATA[Let's try Mac
]]></system-out>
    <system-err><![CDATA[Starting ChromeDriver 85.0.4183.87 (cd6713ebf92fa1cacc0f1a598df280093af0c5d7-refs/branch-heads/4183@{#1689}) on port 33471
Only local connections are allowed.
Please see https://chromedriver.chromium.org/security-considerations for suggestions on keeping ChromeDriver safe.
ChromeDriver was started successfully.
Sep. 21, 2020 2:08:45 P.M. org.openqa.selenium.remote.ProtocolHandshake createSession
INFO: Detected dialect: W3C
]]></system-err>
  </testcase>
  <testcase name="Check that two users can successfully log into Amazon consecutively #2" classname="Amazon Sign In functionality check" time="22.962">
    <error type="org.openqa.selenium.NoSuchElementException"><![CDATA[org.openqa.selenium.NoSuchElementException: 
no such element: Unable to locate element: {"method":"css selector","selector":".nav\-shortened\-name"}
  (Session info: chrome=85.0.4183.121)
For documentation on this error, please visit: https://www.seleniumhq.org/exceptions/no_such_element.html
Build info: version: '3.141.59', revision: 'e82be7d358', time: '2018-11-14T08:17:03'
System info: host: 'Syeds-MBP.ed.shawcable.net', ip: '2604:3d09:6e80:4500:0:0:0:6034%en0', os.name: 'Mac OS X', os.arch: 'x86_64', os.version: '10.15.6', java.version: '11.0.7'
Driver info: org.openqa.selenium.chrome.ChromeDriver
Capabilities {acceptInsecureCerts: false, browserName: chrome, browserVersion: 85.0.4183.121, chrome: {chromedriverVersion: 85.0.4183.87 (cd6713ebf92fa..., userDataDir: /var/folders/xh/fygjm06s7q9...}, goog:chromeOptions: {debuggerAddress: localhost:51634}, javascriptEnabled: true, networkConnectionEnabled: false, pageLoadStrategy: normal, platform: MAC, platformName: MAC, proxy: Proxy(), setWindowRect: true, strictFileInteractability: false, timeouts: {implicit: 0, pageLoad: 300000, script: 30000}, unhandledPromptBehavior: dismiss and notify, webauthn:virtualAuthenticators: true}
Session ID: e075d86a6bcca70149b0ac3838682263
*** Element info: {Using=class name, value=nav-shortened-name}
]]></error>
    <system-out><![CDATA[Let's try Mac
]]></system-out>
    <system-err><![CDATA[Starting ChromeDriver 85.0.4183.87 (cd6713ebf92fa1cacc0f1a598df280093af0c5d7-refs/branch-heads/4183@{#1689}) on port 23752
Only local connections are allowed.
Please see https://chromedriver.chromium.org/security-considerations for suggestions on keeping ChromeDriver safe.
ChromeDriver was started successfully.
Sep. 21, 2020 2:09:09 P.M. org.openqa.selenium.remote.ProtocolHandshake createSession
INFO: Detected dialect: W3C
]]></system-err>
  </testcase>
  <testcase name="Check that an alert message is displayed when user tries to login without an email or phone number" classname="Amazon Sign In functionality check" time="8.026">
    <system-out><![CDATA[Let's try Mac
]]></system-out>
    <system-err><![CDATA[Starting ChromeDriver 85.0.4183.87 (cd6713ebf92fa1cacc0f1a598df280093af0c5d7-refs/branch-heads/4183@{#1689}) on port 41539
Only local connections are allowed.
Please see https://chromedriver.chromium.org/security-considerations for suggestions on keeping ChromeDriver safe.
ChromeDriver was started successfully.
Sep. 21, 2020 2:09:32 P.M. org.openqa.selenium.remote.ProtocolHandshake createSession
INFO: Detected dialect: W3C
]]></system-err>
  </testcase>
  <testcase name="Check that an alert message is displayed when user tries to login without a password" classname="Amazon Sign In functionality check" time="10.57">
    <system-out><![CDATA[Let's try Mac
]]></system-out>
    <system-err><![CDATA[Starting ChromeDriver 85.0.4183.87 (cd6713ebf92fa1cacc0f1a598df280093af0c5d7-refs/branch-heads/4183@{#1689}) on port 1052
Only local connections are allowed.
Please see https://chromedriver.chromium.org/security-considerations for suggestions on keeping ChromeDriver safe.
ChromeDriver was started successfully.
Sep. 21, 2020 2:09:40 P.M. org.openqa.selenium.remote.ProtocolHandshake createSession
INFO: Detected dialect: W3C
]]></system-err>
  </testcase>
  <testcase name="Check that user can navigate to &apos;Forgot your password?&apos; page" classname="Amazon Sign In functionality check" time="13.301">
    <system-out><![CDATA[Let's try Mac
]]></system-out>
    <system-err><![CDATA[Starting ChromeDriver 85.0.4183.87 (cd6713ebf92fa1cacc0f1a598df280093af0c5d7-refs/branch-heads/4183@{#1689}) on port 12366
Only local connections are allowed.
Please see https://chromedriver.chromium.org/security-considerations for suggestions on keeping ChromeDriver safe.
ChromeDriver was started successfully.
Sep. 21, 2020 2:09:51 P.M. org.openqa.selenium.remote.ProtocolHandshake createSession
INFO: Detected dialect: W3C
]]></system-err>
  </testcase>
  <testcase name="Check that alert message is displayed when user can navigate to &apos;Forgot your password?&apos; page" classname="Amazon Sign In functionality check" time="20.53">
    <system-out><![CDATA[Let's try Mac
]]></system-out>
    <system-err><![CDATA[Starting ChromeDriver 85.0.4183.87 (cd6713ebf92fa1cacc0f1a598df280093af0c5d7-refs/branch-heads/4183@{#1689}) on port 3585
Only local connections are allowed.
Please see https://chromedriver.chromium.org/security-considerations for suggestions on keeping ChromeDriver safe.
ChromeDriver was started successfully.
Sep. 21, 2020 2:10:04 P.M. org.openqa.selenium.remote.ProtocolHandshake createSession
INFO: Detected dialect: W3C
]]></system-err>
  </testcase>
</testsuite>